PrgState:
17
ExeStack:
(Ref int v1;(Ref int v2;(int x;(int q;(new(v1,20)(new(v2,30)(newLock(x)(fork((fork((lock(x)(wH(v1,rH(v1)-1)unlock(x))))(lock(x)(wH(v1,rH(v1)*10)unlock(x)))))(newLock(q)(fork((fork((lock(q)(wH(v2,rH(v2)+5)unlock(q))))(lock(q)(wH(v2,rH(v2)*10)unlock(q)))))(nop;(nop;(nop;(nop;(lock(x)(print(rH(v1));(unlock(x)(lock(q)(print(rH(v1));unlock(q))))))))))))))))))))
SymTable:
Out:
FileTable:
LockTable:
Heap:

PrgState:
17
ExeStack:
Ref int v1;
(Ref int v2;(int x;(int q;(new(v1,20)(new(v2,30)(newLock(x)(fork((fork((lock(x)(wH(v1,rH(v1)-1)unlock(x))))(lock(x)(wH(v1,rH(v1)*10)unlock(x)))))(newLock(q)(fork((fork((lock(q)(wH(v2,rH(v2)+5)unlock(q))))(lock(q)(wH(v2,rH(v2)*10)unlock(q)))))(nop;(nop;(nop;(nop;(lock(x)(print(rH(v1));(unlock(x)(lock(q)(print(rH(v1));unlock(q)))))))))))))))))))
SymTable:
Out:
FileTable:
LockTable:
Heap:

PrgState:
17
ExeStack:
Ref int v1;
(Ref int v2;(int x;(int q;(new(v1,20)(new(v2,30)(newLock(x)(fork((fork((lock(x)(wH(v1,rH(v1)-1)unlock(x))))(lock(x)(wH(v1,rH(v1)*10)unlock(x)))))(newLock(q)(fork((fork((lock(q)(wH(v2,rH(v2)+5)unlock(q))))(lock(q)(wH(v2,rH(v2)*10)unlock(q)))))(nop;(nop;(nop;(nop;(lock(x)(print(rH(v1));(unlock(x)(lock(q)(print(rH(v1));unlock(q)))))))))))))))))))
SymTable:
Out:
FileTable:
LockTable:
Heap:

PrgState:
17
ExeStack:
(Ref int v2;(int x;(int q;(new(v1,20)(new(v2,30)(newLock(x)(fork((fork((lock(x)(wH(v1,rH(v1)-1)unlock(x))))(lock(x)(wH(v1,rH(v1)*10)unlock(x)))))(newLock(q)(fork((fork((lock(q)(wH(v2,rH(v2)+5)unlock(q))))(lock(q)(wH(v2,rH(v2)*10)unlock(q)))))(nop;(nop;(nop;(nop;(lock(x)(print(rH(v1));(unlock(x)(lock(q)(print(rH(v1));unlock(q)))))))))))))))))))
SymTable:
v1 -> (0,int)
Out:
FileTable:
LockTable:
Heap:

PrgState:
17
ExeStack:
(Ref int v2;(int x;(int q;(new(v1,20)(new(v2,30)(newLock(x)(fork((fork((lock(x)(wH(v1,rH(v1)-1)unlock(x))))(lock(x)(wH(v1,rH(v1)*10)unlock(x)))))(newLock(q)(fork((fork((lock(q)(wH(v2,rH(v2)+5)unlock(q))))(lock(q)(wH(v2,rH(v2)*10)unlock(q)))))(nop;(nop;(nop;(nop;(lock(x)(print(rH(v1));(unlock(x)(lock(q)(print(rH(v1));unlock(q)))))))))))))))))))
SymTable:
v1 -> (0,int)
Out:
FileTable:
LockTable:
Heap:

PrgState:
17
ExeStack:
Ref int v2;
(int x;(int q;(new(v1,20)(new(v2,30)(newLock(x)(fork((fork((lock(x)(wH(v1,rH(v1)-1)unlock(x))))(lock(x)(wH(v1,rH(v1)*10)unlock(x)))))(newLock(q)(fork((fork((lock(q)(wH(v2,rH(v2)+5)unlock(q))))(lock(q)(wH(v2,rH(v2)*10)unlock(q)))))(nop;(nop;(nop;(nop;(lock(x)(print(rH(v1));(unlock(x)(lock(q)(print(rH(v1));unlock(q))))))))))))))))))
SymTable:
v1 -> (0,int)
Out:
FileTable:
LockTable:
Heap:

PrgState:
17
ExeStack:
Ref int v2;
(int x;(int q;(new(v1,20)(new(v2,30)(newLock(x)(fork((fork((lock(x)(wH(v1,rH(v1)-1)unlock(x))))(lock(x)(wH(v1,rH(v1)*10)unlock(x)))))(newLock(q)(fork((fork((lock(q)(wH(v2,rH(v2)+5)unlock(q))))(lock(q)(wH(v2,rH(v2)*10)unlock(q)))))(nop;(nop;(nop;(nop;(lock(x)(print(rH(v1));(unlock(x)(lock(q)(print(rH(v1));unlock(q))))))))))))))))))
SymTable:
v1 -> (0,int)
Out:
FileTable:
LockTable:
Heap:

PrgState:
17
ExeStack:
(int x;(int q;(new(v1,20)(new(v2,30)(newLock(x)(fork((fork((lock(x)(wH(v1,rH(v1)-1)unlock(x))))(lock(x)(wH(v1,rH(v1)*10)unlock(x)))))(newLock(q)(fork((fork((lock(q)(wH(v2,rH(v2)+5)unlock(q))))(lock(q)(wH(v2,rH(v2)*10)unlock(q)))))(nop;(nop;(nop;(nop;(lock(x)(print(rH(v1));(unlock(x)(lock(q)(print(rH(v1));unlock(q))))))))))))))))))
SymTable:
v1 -> (0,int)
v2 -> (0,int)
Out:
FileTable:
LockTable:
Heap:

PrgState:
17
ExeStack:
(int x;(int q;(new(v1,20)(new(v2,30)(newLock(x)(fork((fork((lock(x)(wH(v1,rH(v1)-1)unlock(x))))(lock(x)(wH(v1,rH(v1)*10)unlock(x)))))(newLock(q)(fork((fork((lock(q)(wH(v2,rH(v2)+5)unlock(q))))(lock(q)(wH(v2,rH(v2)*10)unlock(q)))))(nop;(nop;(nop;(nop;(lock(x)(print(rH(v1));(unlock(x)(lock(q)(print(rH(v1));unlock(q))))))))))))))))))
SymTable:
v1 -> (0,int)
v2 -> (0,int)
Out:
FileTable:
LockTable:
Heap:

PrgState:
17
ExeStack:
int x;
(int q;(new(v1,20)(new(v2,30)(newLock(x)(fork((fork((lock(x)(wH(v1,rH(v1)-1)unlock(x))))(lock(x)(wH(v1,rH(v1)*10)unlock(x)))))(newLock(q)(fork((fork((lock(q)(wH(v2,rH(v2)+5)unlock(q))))(lock(q)(wH(v2,rH(v2)*10)unlock(q)))))(nop;(nop;(nop;(nop;(lock(x)(print(rH(v1));(unlock(x)(lock(q)(print(rH(v1));unlock(q)))))))))))))))))
SymTable:
v1 -> (0,int)
v2 -> (0,int)
Out:
FileTable:
LockTable:
Heap:

PrgState:
17
ExeStack:
int x;
(int q;(new(v1,20)(new(v2,30)(newLock(x)(fork((fork((lock(x)(wH(v1,rH(v1)-1)unlock(x))))(lock(x)(wH(v1,rH(v1)*10)unlock(x)))))(newLock(q)(fork((fork((lock(q)(wH(v2,rH(v2)+5)unlock(q))))(lock(q)(wH(v2,rH(v2)*10)unlock(q)))))(nop;(nop;(nop;(nop;(lock(x)(print(rH(v1));(unlock(x)(lock(q)(print(rH(v1));unlock(q)))))))))))))))))
SymTable:
v1 -> (0,int)
v2 -> (0,int)
Out:
FileTable:
LockTable:
Heap:

PrgState:
17
ExeStack:
(int q;(new(v1,20)(new(v2,30)(newLock(x)(fork((fork((lock(x)(wH(v1,rH(v1)-1)unlock(x))))(lock(x)(wH(v1,rH(v1)*10)unlock(x)))))(newLock(q)(fork((fork((lock(q)(wH(v2,rH(v2)+5)unlock(q))))(lock(q)(wH(v2,rH(v2)*10)unlock(q)))))(nop;(nop;(nop;(nop;(lock(x)(print(rH(v1));(unlock(x)(lock(q)(print(rH(v1));unlock(q)))))))))))))))))
SymTable:
x -> 0
v1 -> (0,int)
v2 -> (0,int)
Out:
FileTable:
LockTable:
Heap:

PrgState:
17
ExeStack:
(int q;(new(v1,20)(new(v2,30)(newLock(x)(fork((fork((lock(x)(wH(v1,rH(v1)-1)unlock(x))))(lock(x)(wH(v1,rH(v1)*10)unlock(x)))))(newLock(q)(fork((fork((lock(q)(wH(v2,rH(v2)+5)unlock(q))))(lock(q)(wH(v2,rH(v2)*10)unlock(q)))))(nop;(nop;(nop;(nop;(lock(x)(print(rH(v1));(unlock(x)(lock(q)(print(rH(v1));unlock(q)))))))))))))))))
SymTable:
x -> 0
v1 -> (0,int)
v2 -> (0,int)
Out:
FileTable:
LockTable:
Heap:

PrgState:
17
ExeStack:
int q;
(new(v1,20)(new(v2,30)(newLock(x)(fork((fork((lock(x)(wH(v1,rH(v1)-1)unlock(x))))(lock(x)(wH(v1,rH(v1)*10)unlock(x)))))(newLock(q)(fork((fork((lock(q)(wH(v2,rH(v2)+5)unlock(q))))(lock(q)(wH(v2,rH(v2)*10)unlock(q)))))(nop;(nop;(nop;(nop;(lock(x)(print(rH(v1));(unlock(x)(lock(q)(print(rH(v1));unlock(q))))))))))))))))
SymTable:
x -> 0
v1 -> (0,int)
v2 -> (0,int)
Out:
FileTable:
LockTable:
Heap:

PrgState:
17
ExeStack:
int q;
(new(v1,20)(new(v2,30)(newLock(x)(fork((fork((lock(x)(wH(v1,rH(v1)-1)unlock(x))))(lock(x)(wH(v1,rH(v1)*10)unlock(x)))))(newLock(q)(fork((fork((lock(q)(wH(v2,rH(v2)+5)unlock(q))))(lock(q)(wH(v2,rH(v2)*10)unlock(q)))))(nop;(nop;(nop;(nop;(lock(x)(print(rH(v1));(unlock(x)(lock(q)(print(rH(v1));unlock(q))))))))))))))))
SymTable:
x -> 0
v1 -> (0,int)
v2 -> (0,int)
Out:
FileTable:
LockTable:
Heap:

PrgState:
17
ExeStack:
(new(v1,20)(new(v2,30)(newLock(x)(fork((fork((lock(x)(wH(v1,rH(v1)-1)unlock(x))))(lock(x)(wH(v1,rH(v1)*10)unlock(x)))))(newLock(q)(fork((fork((lock(q)(wH(v2,rH(v2)+5)unlock(q))))(lock(q)(wH(v2,rH(v2)*10)unlock(q)))))(nop;(nop;(nop;(nop;(lock(x)(print(rH(v1));(unlock(x)(lock(q)(print(rH(v1));unlock(q))))))))))))))))
SymTable:
q -> 0
x -> 0
v1 -> (0,int)
v2 -> (0,int)
Out:
FileTable:
LockTable:
Heap:

PrgState:
17
ExeStack:
(new(v1,20)(new(v2,30)(newLock(x)(fork((fork((lock(x)(wH(v1,rH(v1)-1)unlock(x))))(lock(x)(wH(v1,rH(v1)*10)unlock(x)))))(newLock(q)(fork((fork((lock(q)(wH(v2,rH(v2)+5)unlock(q))))(lock(q)(wH(v2,rH(v2)*10)unlock(q)))))(nop;(nop;(nop;(nop;(lock(x)(print(rH(v1));(unlock(x)(lock(q)(print(rH(v1));unlock(q))))))))))))))))
SymTable:
q -> 0
x -> 0
v1 -> (0,int)
v2 -> (0,int)
Out:
FileTable:
LockTable:
Heap:

PrgState:
17
ExeStack:
new(v1,20)
(new(v2,30)(newLock(x)(fork((fork((lock(x)(wH(v1,rH(v1)-1)unlock(x))))(lock(x)(wH(v1,rH(v1)*10)unlock(x)))))(newLock(q)(fork((fork((lock(q)(wH(v2,rH(v2)+5)unlock(q))))(lock(q)(wH(v2,rH(v2)*10)unlock(q)))))(nop;(nop;(nop;(nop;(lock(x)(print(rH(v1));(unlock(x)(lock(q)(print(rH(v1));unlock(q)))))))))))))))
SymTable:
q -> 0
x -> 0
v1 -> (0,int)
v2 -> (0,int)
Out:
FileTable:
LockTable:
Heap:

PrgState:
17
ExeStack:
new(v1,20)
(new(v2,30)(newLock(x)(fork((fork((lock(x)(wH(v1,rH(v1)-1)unlock(x))))(lock(x)(wH(v1,rH(v1)*10)unlock(x)))))(newLock(q)(fork((fork((lock(q)(wH(v2,rH(v2)+5)unlock(q))))(lock(q)(wH(v2,rH(v2)*10)unlock(q)))))(nop;(nop;(nop;(nop;(lock(x)(print(rH(v1));(unlock(x)(lock(q)(print(rH(v1));unlock(q)))))))))))))))
SymTable:
q -> 0
x -> 0
v1 -> (0,int)
v2 -> (0,int)
Out:
FileTable:
LockTable:
Heap:

PrgState:
17
ExeStack:
(new(v2,30)(newLock(x)(fork((fork((lock(x)(wH(v1,rH(v1)-1)unlock(x))))(lock(x)(wH(v1,rH(v1)*10)unlock(x)))))(newLock(q)(fork((fork((lock(q)(wH(v2,rH(v2)+5)unlock(q))))(lock(q)(wH(v2,rH(v2)*10)unlock(q)))))(nop;(nop;(nop;(nop;(lock(x)(print(rH(v1));(unlock(x)(lock(q)(print(rH(v1));unlock(q)))))))))))))))
SymTable:
q -> 0
x -> 0
v1 -> (1,int)
v2 -> (0,int)
Out:
FileTable:
LockTable:
Heap:
1 -> 20

PrgState:
17
ExeStack:
(new(v2,30)(newLock(x)(fork((fork((lock(x)(wH(v1,rH(v1)-1)unlock(x))))(lock(x)(wH(v1,rH(v1)*10)unlock(x)))))(newLock(q)(fork((fork((lock(q)(wH(v2,rH(v2)+5)unlock(q))))(lock(q)(wH(v2,rH(v2)*10)unlock(q)))))(nop;(nop;(nop;(nop;(lock(x)(print(rH(v1));(unlock(x)(lock(q)(print(rH(v1));unlock(q)))))))))))))))
SymTable:
q -> 0
x -> 0
v1 -> (1,int)
v2 -> (0,int)
Out:
FileTable:
LockTable:
Heap:
1 -> 20

PrgState:
17
ExeStack:
new(v2,30)
(newLock(x)(fork((fork((lock(x)(wH(v1,rH(v1)-1)unlock(x))))(lock(x)(wH(v1,rH(v1)*10)unlock(x)))))(newLock(q)(fork((fork((lock(q)(wH(v2,rH(v2)+5)unlock(q))))(lock(q)(wH(v2,rH(v2)*10)unlock(q)))))(nop;(nop;(nop;(nop;(lock(x)(print(rH(v1));(unlock(x)(lock(q)(print(rH(v1));unlock(q))))))))))))))
SymTable:
q -> 0
x -> 0
v1 -> (1,int)
v2 -> (0,int)
Out:
FileTable:
LockTable:
Heap:
1 -> 20

PrgState:
17
ExeStack:
new(v2,30)
(newLock(x)(fork((fork((lock(x)(wH(v1,rH(v1)-1)unlock(x))))(lock(x)(wH(v1,rH(v1)*10)unlock(x)))))(newLock(q)(fork((fork((lock(q)(wH(v2,rH(v2)+5)unlock(q))))(lock(q)(wH(v2,rH(v2)*10)unlock(q)))))(nop;(nop;(nop;(nop;(lock(x)(print(rH(v1));(unlock(x)(lock(q)(print(rH(v1));unlock(q))))))))))))))
SymTable:
q -> 0
x -> 0
v1 -> (1,int)
v2 -> (0,int)
Out:
FileTable:
LockTable:
Heap:
1 -> 20

PrgState:
17
ExeStack:
(newLock(x)(fork((fork((lock(x)(wH(v1,rH(v1)-1)unlock(x))))(lock(x)(wH(v1,rH(v1)*10)unlock(x)))))(newLock(q)(fork((fork((lock(q)(wH(v2,rH(v2)+5)unlock(q))))(lock(q)(wH(v2,rH(v2)*10)unlock(q)))))(nop;(nop;(nop;(nop;(lock(x)(print(rH(v1));(unlock(x)(lock(q)(print(rH(v1));unlock(q))))))))))))))
SymTable:
q -> 0
x -> 0
v1 -> (1,int)
v2 -> (2,int)
Out:
FileTable:
LockTable:
Heap:
1 -> 20
2 -> 30

PrgState:
17
ExeStack:
(newLock(x)(fork((fork((lock(x)(wH(v1,rH(v1)-1)unlock(x))))(lock(x)(wH(v1,rH(v1)*10)unlock(x)))))(newLock(q)(fork((fork((lock(q)(wH(v2,rH(v2)+5)unlock(q))))(lock(q)(wH(v2,rH(v2)*10)unlock(q)))))(nop;(nop;(nop;(nop;(lock(x)(print(rH(v1));(unlock(x)(lock(q)(print(rH(v1));unlock(q))))))))))))))
SymTable:
q -> 0
x -> 0
v1 -> (1,int)
v2 -> (2,int)
Out:
FileTable:
LockTable:
Heap:
1 -> 20
2 -> 30

PrgState:
17
ExeStack:
newLock(x)
(fork((fork((lock(x)(wH(v1,rH(v1)-1)unlock(x))))(lock(x)(wH(v1,rH(v1)*10)unlock(x)))))(newLock(q)(fork((fork((lock(q)(wH(v2,rH(v2)+5)unlock(q))))(lock(q)(wH(v2,rH(v2)*10)unlock(q)))))(nop;(nop;(nop;(nop;(lock(x)(print(rH(v1));(unlock(x)(lock(q)(print(rH(v1));unlock(q)))))))))))))
SymTable:
q -> 0
x -> 0
v1 -> (1,int)
v2 -> (2,int)
Out:
FileTable:
LockTable:
Heap:
1 -> 20
2 -> 30

PrgState:
17
ExeStack:
newLock(x)
(fork((fork((lock(x)(wH(v1,rH(v1)-1)unlock(x))))(lock(x)(wH(v1,rH(v1)*10)unlock(x)))))(newLock(q)(fork((fork((lock(q)(wH(v2,rH(v2)+5)unlock(q))))(lock(q)(wH(v2,rH(v2)*10)unlock(q)))))(nop;(nop;(nop;(nop;(lock(x)(print(rH(v1));(unlock(x)(lock(q)(print(rH(v1));unlock(q)))))))))))))
SymTable:
q -> 0
x -> 0
v1 -> (1,int)
v2 -> (2,int)
Out:
FileTable:
LockTable:
Heap:
1 -> 20
2 -> 30

PrgState:
17
ExeStack:
(fork((fork((lock(x)(wH(v1,rH(v1)-1)unlock(x))))(lock(x)(wH(v1,rH(v1)*10)unlock(x)))))(newLock(q)(fork((fork((lock(q)(wH(v2,rH(v2)+5)unlock(q))))(lock(q)(wH(v2,rH(v2)*10)unlock(q)))))(nop;(nop;(nop;(nop;(lock(x)(print(rH(v1));(unlock(x)(lock(q)(print(rH(v1));unlock(q)))))))))))))
SymTable:
q -> 0
x -> 1
v1 -> (1,int)
v2 -> (2,int)
Out:
FileTable:
LockTable:
1 -> -1
Heap:
1 -> 20
2 -> 30

PrgState:
17
ExeStack:
(fork((fork((lock(x)(wH(v1,rH(v1)-1)unlock(x))))(lock(x)(wH(v1,rH(v1)*10)unlock(x)))))(newLock(q)(fork((fork((lock(q)(wH(v2,rH(v2)+5)unlock(q))))(lock(q)(wH(v2,rH(v2)*10)unlock(q)))))(nop;(nop;(nop;(nop;(lock(x)(print(rH(v1));(unlock(x)(lock(q)(print(rH(v1));unlock(q)))))))))))))
SymTable:
q -> 0
x -> 1
v1 -> (1,int)
v2 -> (2,int)
Out:
FileTable:
LockTable:
1 -> -1
Heap:
1 -> 20
2 -> 30

PrgState:
17
ExeStack:
fork((fork((lock(x)(wH(v1,rH(v1)-1)unlock(x))))(lock(x)(wH(v1,rH(v1)*10)unlock(x)))))
(newLock(q)(fork((fork((lock(q)(wH(v2,rH(v2)+5)unlock(q))))(lock(q)(wH(v2,rH(v2)*10)unlock(q)))))(nop;(nop;(nop;(nop;(lock(x)(print(rH(v1));(unlock(x)(lock(q)(print(rH(v1));unlock(q))))))))))))
SymTable:
q -> 0
x -> 1
v1 -> (1,int)
v2 -> (2,int)
Out:
FileTable:
LockTable:
1 -> -1
Heap:
1 -> 20
2 -> 30

PrgState:
17
ExeStack:
fork((fork((lock(x)(wH(v1,rH(v1)-1)unlock(x))))(lock(x)(wH(v1,rH(v1)*10)unlock(x)))))
(newLock(q)(fork((fork((lock(q)(wH(v2,rH(v2)+5)unlock(q))))(lock(q)(wH(v2,rH(v2)*10)unlock(q)))))(nop;(nop;(nop;(nop;(lock(x)(print(rH(v1));(unlock(x)(lock(q)(print(rH(v1));unlock(q))))))))))))
SymTable:
q -> 0
x -> 1
v1 -> (1,int)
v2 -> (2,int)
Out:
FileTable:
LockTable:
1 -> -1
Heap:
1 -> 20
2 -> 30

PrgState:
17
ExeStack:
(newLock(q)(fork((fork((lock(q)(wH(v2,rH(v2)+5)unlock(q))))(lock(q)(wH(v2,rH(v2)*10)unlock(q)))))(nop;(nop;(nop;(nop;(lock(x)(print(rH(v1));(unlock(x)(lock(q)(print(rH(v1));unlock(q))))))))))))
SymTable:
q -> 0
x -> 1
v1 -> (1,int)
v2 -> (2,int)
Out:
FileTable:
LockTable:
1 -> -1
Heap:
1 -> 20
2 -> 30

PrgState:
18
ExeStack:
(fork((lock(x)(wH(v1,rH(v1)-1)unlock(x))))(lock(x)(wH(v1,rH(v1)*10)unlock(x))))
SymTable:
x -> 1
q -> 0
v1 -> (1,int)
v2 -> (2,int)
Out:
FileTable:
LockTable:
1 -> -1
Heap:
1 -> 20
2 -> 30

PrgState:
17
ExeStack:
(newLock(q)(fork((fork((lock(q)(wH(v2,rH(v2)+5)unlock(q))))(lock(q)(wH(v2,rH(v2)*10)unlock(q)))))(nop;(nop;(nop;(nop;(lock(x)(print(rH(v1));(unlock(x)(lock(q)(print(rH(v1));unlock(q))))))))))))
SymTable:
q -> 0
x -> 1
v1 -> (1,int)
v2 -> (2,int)
Out:
FileTable:
LockTable:
1 -> -1
Heap:
1 -> 20
2 -> 30

PrgState:
18
ExeStack:
(fork((lock(x)(wH(v1,rH(v1)-1)unlock(x))))(lock(x)(wH(v1,rH(v1)*10)unlock(x))))
SymTable:
x -> 1
q -> 0
v1 -> (1,int)
v2 -> (2,int)
Out:
FileTable:
LockTable:
1 -> -1
Heap:
1 -> 20
2 -> 30

PrgState:
17
ExeStack:
newLock(q)
(fork((fork((lock(q)(wH(v2,rH(v2)+5)unlock(q))))(lock(q)(wH(v2,rH(v2)*10)unlock(q)))))(nop;(nop;(nop;(nop;(lock(x)(print(rH(v1));(unlock(x)(lock(q)(print(rH(v1));unlock(q)))))))))))
SymTable:
q -> 0
x -> 1
v1 -> (1,int)
v2 -> (2,int)
Out:
FileTable:
LockTable:
1 -> -1
Heap:
1 -> 20
2 -> 30

PrgState:
18
ExeStack:
fork((lock(x)(wH(v1,rH(v1)-1)unlock(x))))
(lock(x)(wH(v1,rH(v1)*10)unlock(x)))
SymTable:
x -> 1
q -> 0
v1 -> (1,int)
v2 -> (2,int)
Out:
FileTable:
LockTable:
1 -> -1
Heap:
1 -> 20
2 -> 30

PrgState:
17
ExeStack:
newLock(q)
(fork((fork((lock(q)(wH(v2,rH(v2)+5)unlock(q))))(lock(q)(wH(v2,rH(v2)*10)unlock(q)))))(nop;(nop;(nop;(nop;(lock(x)(print(rH(v1));(unlock(x)(lock(q)(print(rH(v1));unlock(q)))))))))))
SymTable:
q -> 0
x -> 1
v1 -> (1,int)
v2 -> (2,int)
Out:
FileTable:
LockTable:
1 -> -1
Heap:
1 -> 20
2 -> 30

PrgState:
18
ExeStack:
fork((lock(x)(wH(v1,rH(v1)-1)unlock(x))))
(lock(x)(wH(v1,rH(v1)*10)unlock(x)))
SymTable:
x -> 1
q -> 0
v1 -> (1,int)
v2 -> (2,int)
Out:
FileTable:
LockTable:
1 -> -1
Heap:
1 -> 20
2 -> 30

PrgState:
17
ExeStack:
(fork((fork((lock(q)(wH(v2,rH(v2)+5)unlock(q))))(lock(q)(wH(v2,rH(v2)*10)unlock(q)))))(nop;(nop;(nop;(nop;(lock(x)(print(rH(v1));(unlock(x)(lock(q)(print(rH(v1));unlock(q)))))))))))
SymTable:
q -> 2
x -> 1
v1 -> (1,int)
v2 -> (2,int)
Out:
FileTable:
LockTable:
1 -> -1
2 -> -1
Heap:
1 -> 20
2 -> 30

PrgState:
18
ExeStack:
(lock(x)(wH(v1,rH(v1)*10)unlock(x)))
SymTable:
x -> 1
q -> 0
v1 -> (1,int)
v2 -> (2,int)
Out:
FileTable:
LockTable:
1 -> -1
2 -> -1
Heap:
1 -> 20
2 -> 30

PrgState:
19
ExeStack:
(lock(x)(wH(v1,rH(v1)-1)unlock(x)))
SymTable:
x -> 1
q -> 0
v1 -> (1,int)
v2 -> (2,int)
Out:
FileTable:
LockTable:
1 -> -1
2 -> -1
Heap:
1 -> 20
2 -> 30

PrgState:
17
ExeStack:
(fork((fork((lock(q)(wH(v2,rH(v2)+5)unlock(q))))(lock(q)(wH(v2,rH(v2)*10)unlock(q)))))(nop;(nop;(nop;(nop;(lock(x)(print(rH(v1));(unlock(x)(lock(q)(print(rH(v1));unlock(q)))))))))))
SymTable:
q -> 2
x -> 1
v1 -> (1,int)
v2 -> (2,int)
Out:
FileTable:
LockTable:
1 -> -1
2 -> -1
Heap:
1 -> 20
2 -> 30

PrgState:
18
ExeStack:
(lock(x)(wH(v1,rH(v1)*10)unlock(x)))
SymTable:
x -> 1
q -> 0
v1 -> (1,int)
v2 -> (2,int)
Out:
FileTable:
LockTable:
1 -> -1
2 -> -1
Heap:
1 -> 20
2 -> 30

PrgState:
19
ExeStack:
(lock(x)(wH(v1,rH(v1)-1)unlock(x)))
SymTable:
x -> 1
q -> 0
v1 -> (1,int)
v2 -> (2,int)
Out:
FileTable:
LockTable:
1 -> -1
2 -> -1
Heap:
1 -> 20
2 -> 30

PrgState:
17
ExeStack:
fork((fork((lock(q)(wH(v2,rH(v2)+5)unlock(q))))(lock(q)(wH(v2,rH(v2)*10)unlock(q)))))
(nop;(nop;(nop;(nop;(lock(x)(print(rH(v1));(unlock(x)(lock(q)(print(rH(v1));unlock(q))))))))))
SymTable:
q -> 2
x -> 1
v1 -> (1,int)
v2 -> (2,int)
Out:
FileTable:
LockTable:
1 -> -1
2 -> -1
Heap:
1 -> 20
2 -> 30

PrgState:
18
ExeStack:
lock(x)
(wH(v1,rH(v1)*10)unlock(x))
SymTable:
x -> 1
q -> 0
v1 -> (1,int)
v2 -> (2,int)
Out:
FileTable:
LockTable:
1 -> -1
2 -> -1
Heap:
1 -> 20
2 -> 30

PrgState:
19
ExeStack:
lock(x)
(wH(v1,rH(v1)-1)unlock(x))
SymTable:
x -> 1
q -> 0
v1 -> (1,int)
v2 -> (2,int)
Out:
FileTable:
LockTable:
1 -> -1
2 -> -1
Heap:
1 -> 20
2 -> 30

PrgState:
17
ExeStack:
fork((fork((lock(q)(wH(v2,rH(v2)+5)unlock(q))))(lock(q)(wH(v2,rH(v2)*10)unlock(q)))))
(nop;(nop;(nop;(nop;(lock(x)(print(rH(v1));(unlock(x)(lock(q)(print(rH(v1));unlock(q))))))))))
SymTable:
q -> 2
x -> 1
v1 -> (1,int)
v2 -> (2,int)
Out:
FileTable:
LockTable:
1 -> -1
2 -> -1
Heap:
1 -> 20
2 -> 30

PrgState:
18
ExeStack:
lock(x)
(wH(v1,rH(v1)*10)unlock(x))
SymTable:
x -> 1
q -> 0
v1 -> (1,int)
v2 -> (2,int)
Out:
FileTable:
LockTable:
1 -> -1
2 -> -1
Heap:
1 -> 20
2 -> 30

PrgState:
19
ExeStack:
lock(x)
(wH(v1,rH(v1)-1)unlock(x))
SymTable:
x -> 1
q -> 0
v1 -> (1,int)
v2 -> (2,int)
Out:
FileTable:
LockTable:
1 -> -1
2 -> -1
Heap:
1 -> 20
2 -> 30

PrgState:
17
ExeStack:
(nop;(nop;(nop;(nop;(lock(x)(print(rH(v1));(unlock(x)(lock(q)(print(rH(v1));unlock(q))))))))))
SymTable:
q -> 2
x -> 1
v1 -> (1,int)
v2 -> (2,int)
Out:
FileTable:
LockTable:
1 -> 19
2 -> -1
Heap:
1 -> 20
2 -> 30

PrgState:
18
ExeStack:
lock(x)
(wH(v1,rH(v1)*10)unlock(x))
SymTable:
x -> 1
q -> 0
v1 -> (1,int)
v2 -> (2,int)
Out:
FileTable:
LockTable:
1 -> 19
2 -> -1
Heap:
1 -> 20
2 -> 30

PrgState:
19
ExeStack:
(wH(v1,rH(v1)-1)unlock(x))
SymTable:
x -> 1
q -> 0
v1 -> (1,int)
v2 -> (2,int)
Out:
FileTable:
LockTable:
1 -> 19
2 -> -1
Heap:
1 -> 20
2 -> 30

PrgState:
20
ExeStack:
(fork((lock(q)(wH(v2,rH(v2)+5)unlock(q))))(lock(q)(wH(v2,rH(v2)*10)unlock(q))))
SymTable:
x -> 1
q -> 2
v1 -> (1,int)
v2 -> (2,int)
Out:
FileTable:
LockTable:
1 -> 19
2 -> -1
Heap:
1 -> 20
2 -> 30

PrgState:
17
ExeStack:
(nop;(nop;(nop;(nop;(lock(x)(print(rH(v1));(unlock(x)(lock(q)(print(rH(v1));unlock(q))))))))))
SymTable:
q -> 2
x -> 1
v1 -> (1,int)
v2 -> (2,int)
Out:
FileTable:
LockTable:
1 -> 19
2 -> -1
Heap:
1 -> 20
2 -> 30

PrgState:
18
ExeStack:
lock(x)
(wH(v1,rH(v1)*10)unlock(x))
SymTable:
x -> 1
q -> 0
v1 -> (1,int)
v2 -> (2,int)
Out:
FileTable:
LockTable:
1 -> 19
2 -> -1
Heap:
1 -> 20
2 -> 30

PrgState:
19
ExeStack:
(wH(v1,rH(v1)-1)unlock(x))
SymTable:
x -> 1
q -> 0
v1 -> (1,int)
v2 -> (2,int)
Out:
FileTable:
LockTable:
1 -> 19
2 -> -1
Heap:
1 -> 20
2 -> 30

PrgState:
20
ExeStack:
(fork((lock(q)(wH(v2,rH(v2)+5)unlock(q))))(lock(q)(wH(v2,rH(v2)*10)unlock(q))))
SymTable:
x -> 1
q -> 2
v1 -> (1,int)
v2 -> (2,int)
Out:
FileTable:
LockTable:
1 -> 19
2 -> -1
Heap:
1 -> 20
2 -> 30

PrgState:
17
ExeStack:
nop;
(nop;(nop;(nop;(lock(x)(print(rH(v1));(unlock(x)(lock(q)(print(rH(v1));unlock(q)))))))))
SymTable:
q -> 2
x -> 1
v1 -> (1,int)
v2 -> (2,int)
Out:
FileTable:
LockTable:
1 -> 19
2 -> -1
Heap:
1 -> 20
2 -> 30

PrgState:
18
ExeStack:
lock(x)
(wH(v1,rH(v1)*10)unlock(x))
SymTable:
x -> 1
q -> 0
v1 -> (1,int)
v2 -> (2,int)
Out:
FileTable:
LockTable:
1 -> 19
2 -> -1
Heap:
1 -> 20
2 -> 30

PrgState:
19
ExeStack:
wH(v1,rH(v1)-1)
unlock(x)
SymTable:
x -> 1
q -> 0
v1 -> (1,int)
v2 -> (2,int)
Out:
FileTable:
LockTable:
1 -> 19
2 -> -1
Heap:
1 -> 20
2 -> 30

PrgState:
20
ExeStack:
fork((lock(q)(wH(v2,rH(v2)+5)unlock(q))))
(lock(q)(wH(v2,rH(v2)*10)unlock(q)))
SymTable:
x -> 1
q -> 2
v1 -> (1,int)
v2 -> (2,int)
Out:
FileTable:
LockTable:
1 -> 19
2 -> -1
Heap:
1 -> 20
2 -> 30

PrgState:
17
ExeStack:
nop;
(nop;(nop;(nop;(lock(x)(print(rH(v1));(unlock(x)(lock(q)(print(rH(v1));unlock(q)))))))))
SymTable:
q -> 2
x -> 1
v1 -> (1,int)
v2 -> (2,int)
Out:
FileTable:
LockTable:
1 -> 19
2 -> -1
Heap:
1 -> 20
2 -> 30

PrgState:
18
ExeStack:
lock(x)
(wH(v1,rH(v1)*10)unlock(x))
SymTable:
x -> 1
q -> 0
v1 -> (1,int)
v2 -> (2,int)
Out:
FileTable:
LockTable:
1 -> 19
2 -> -1
Heap:
1 -> 20
2 -> 30

PrgState:
19
ExeStack:
wH(v1,rH(v1)-1)
unlock(x)
SymTable:
x -> 1
q -> 0
v1 -> (1,int)
v2 -> (2,int)
Out:
FileTable:
LockTable:
1 -> 19
2 -> -1
Heap:
1 -> 20
2 -> 30

PrgState:
20
ExeStack:
fork((lock(q)(wH(v2,rH(v2)+5)unlock(q))))
(lock(q)(wH(v2,rH(v2)*10)unlock(q)))
SymTable:
x -> 1
q -> 2
v1 -> (1,int)
v2 -> (2,int)
Out:
FileTable:
LockTable:
1 -> 19
2 -> -1
Heap:
1 -> 20
2 -> 30

PrgState:
17
ExeStack:
(nop;(nop;(nop;(lock(x)(print(rH(v1));(unlock(x)(lock(q)(print(rH(v1));unlock(q)))))))))
SymTable:
q -> 2
x -> 1
v1 -> (1,int)
v2 -> (2,int)
Out:
FileTable:
LockTable:
1 -> 19
2 -> -1
Heap:
1 -> 19
2 -> 30

PrgState:
18
ExeStack:
lock(x)
(wH(v1,rH(v1)*10)unlock(x))
SymTable:
x -> 1
q -> 0
v1 -> (1,int)
v2 -> (2,int)
Out:
FileTable:
LockTable:
1 -> 19
2 -> -1
Heap:
1 -> 19
2 -> 30

PrgState:
19
ExeStack:
unlock(x)
SymTable:
x -> 1
q -> 0
v1 -> (1,int)
v2 -> (2,int)
Out:
FileTable:
LockTable:
1 -> 19
2 -> -1
Heap:
1 -> 19
2 -> 30

PrgState:
20
ExeStack:
(lock(q)(wH(v2,rH(v2)*10)unlock(q)))
SymTable:
x -> 1
q -> 2
v1 -> (1,int)
v2 -> (2,int)
Out:
FileTable:
LockTable:
1 -> 19
2 -> -1
Heap:
1 -> 19
2 -> 30

PrgState:
21
ExeStack:
(lock(q)(wH(v2,rH(v2)+5)unlock(q)))
SymTable:
x -> 1
q -> 2
v1 -> (1,int)
v2 -> (2,int)
Out:
FileTable:
LockTable:
1 -> 19
2 -> -1
Heap:
1 -> 19
2 -> 30

PrgState:
17
ExeStack:
(nop;(nop;(nop;(lock(x)(print(rH(v1));(unlock(x)(lock(q)(print(rH(v1));unlock(q)))))))))
SymTable:
q -> 2
x -> 1
v1 -> (1,int)
v2 -> (2,int)
Out:
FileTable:
LockTable:
1 -> 19
2 -> -1
Heap:
1 -> 19
2 -> 30

PrgState:
18
ExeStack:
lock(x)
(wH(v1,rH(v1)*10)unlock(x))
SymTable:
x -> 1
q -> 0
v1 -> (1,int)
v2 -> (2,int)
Out:
FileTable:
LockTable:
1 -> 19
2 -> -1
Heap:
1 -> 19
2 -> 30

PrgState:
19
ExeStack:
unlock(x)
SymTable:
x -> 1
q -> 0
v1 -> (1,int)
v2 -> (2,int)
Out:
FileTable:
LockTable:
1 -> 19
2 -> -1
Heap:
1 -> 19
2 -> 30

PrgState:
20
ExeStack:
(lock(q)(wH(v2,rH(v2)*10)unlock(q)))
SymTable:
x -> 1
q -> 2
v1 -> (1,int)
v2 -> (2,int)
Out:
FileTable:
LockTable:
1 -> 19
2 -> -1
Heap:
1 -> 19
2 -> 30

PrgState:
21
ExeStack:
(lock(q)(wH(v2,rH(v2)+5)unlock(q)))
SymTable:
x -> 1
q -> 2
v1 -> (1,int)
v2 -> (2,int)
Out:
FileTable:
LockTable:
1 -> 19
2 -> -1
Heap:
1 -> 19
2 -> 30

PrgState:
17
ExeStack:
nop;
(nop;(nop;(lock(x)(print(rH(v1));(unlock(x)(lock(q)(print(rH(v1));unlock(q))))))))
SymTable:
q -> 2
x -> 1
v1 -> (1,int)
v2 -> (2,int)
Out:
FileTable:
LockTable:
1 -> 18
2 -> -1
Heap:
1 -> 19
2 -> 30

PrgState:
18
ExeStack:
(wH(v1,rH(v1)*10)unlock(x))
SymTable:
x -> 1
q -> 0
v1 -> (1,int)
v2 -> (2,int)
Out:
FileTable:
LockTable:
1 -> 18
2 -> -1
Heap:
1 -> 19
2 -> 30

PrgState:
19
ExeStack:
SymTable:
x -> 1
q -> 0
v1 -> (1,int)
v2 -> (2,int)
Out:
FileTable:
LockTable:
1 -> 18
2 -> -1
Heap:
1 -> 19
2 -> 30

PrgState:
20
ExeStack:
lock(q)
(wH(v2,rH(v2)*10)unlock(q))
SymTable:
x -> 1
q -> 2
v1 -> (1,int)
v2 -> (2,int)
Out:
FileTable:
LockTable:
1 -> 18
2 -> -1
Heap:
1 -> 19
2 -> 30

PrgState:
21
ExeStack:
lock(q)
(wH(v2,rH(v2)+5)unlock(q))
SymTable:
x -> 1
q -> 2
v1 -> (1,int)
v2 -> (2,int)
Out:
FileTable:
LockTable:
1 -> 18
2 -> -1
Heap:
1 -> 19
2 -> 30

PrgState:
17
ExeStack:
nop;
(nop;(nop;(lock(x)(print(rH(v1));(unlock(x)(lock(q)(print(rH(v1));unlock(q))))))))
SymTable:
q -> 2
x -> 1
v1 -> (1,int)
v2 -> (2,int)
Out:
FileTable:
LockTable:
1 -> 18
2 -> -1
Heap:
1 -> 19
2 -> 30

PrgState:
18
ExeStack:
(wH(v1,rH(v1)*10)unlock(x))
SymTable:
x -> 1
q -> 0
v1 -> (1,int)
v2 -> (2,int)
Out:
FileTable:
LockTable:
1 -> 18
2 -> -1
Heap:
1 -> 19
2 -> 30

PrgState:
20
ExeStack:
lock(q)
(wH(v2,rH(v2)*10)unlock(q))
SymTable:
x -> 1
q -> 2
v1 -> (1,int)
v2 -> (2,int)
Out:
FileTable:
LockTable:
1 -> 18
2 -> -1
Heap:
1 -> 19
2 -> 30

PrgState:
21
ExeStack:
lock(q)
(wH(v2,rH(v2)+5)unlock(q))
SymTable:
x -> 1
q -> 2
v1 -> (1,int)
v2 -> (2,int)
Out:
FileTable:
LockTable:
1 -> 18
2 -> -1
Heap:
1 -> 19
2 -> 30

PrgState:
17
ExeStack:
(nop;(nop;(lock(x)(print(rH(v1));(unlock(x)(lock(q)(print(rH(v1));unlock(q))))))))
SymTable:
q -> 2
x -> 1
v1 -> (1,int)
v2 -> (2,int)
Out:
FileTable:
LockTable:
1 -> 18
2 -> 20
Heap:
1 -> 19
2 -> 30

PrgState:
18
ExeStack:
wH(v1,rH(v1)*10)
unlock(x)
SymTable:
x -> 1
q -> 0
v1 -> (1,int)
v2 -> (2,int)
Out:
FileTable:
LockTable:
1 -> 18
2 -> 20
Heap:
1 -> 19
2 -> 30

PrgState:
20
ExeStack:
(wH(v2,rH(v2)*10)unlock(q))
SymTable:
x -> 1
q -> 2
v1 -> (1,int)
v2 -> (2,int)
Out:
FileTable:
LockTable:
1 -> 18
2 -> 20
Heap:
1 -> 19
2 -> 30

PrgState:
21
ExeStack:
lock(q)
(wH(v2,rH(v2)+5)unlock(q))
SymTable:
x -> 1
q -> 2
v1 -> (1,int)
v2 -> (2,int)
Out:
FileTable:
LockTable:
1 -> 18
2 -> 20
Heap:
1 -> 19
2 -> 30

PrgState:
17
ExeStack:
(nop;(nop;(lock(x)(print(rH(v1));(unlock(x)(lock(q)(print(rH(v1));unlock(q))))))))
SymTable:
q -> 2
x -> 1
v1 -> (1,int)
v2 -> (2,int)
Out:
FileTable:
LockTable:
1 -> 18
2 -> 20
Heap:
1 -> 19
2 -> 30

PrgState:
18
ExeStack:
wH(v1,rH(v1)*10)
unlock(x)
SymTable:
x -> 1
q -> 0
v1 -> (1,int)
v2 -> (2,int)
Out:
FileTable:
LockTable:
1 -> 18
2 -> 20
Heap:
1 -> 19
2 -> 30

PrgState:
20
ExeStack:
(wH(v2,rH(v2)*10)unlock(q))
SymTable:
x -> 1
q -> 2
v1 -> (1,int)
v2 -> (2,int)
Out:
FileTable:
LockTable:
1 -> 18
2 -> 20
Heap:
1 -> 19
2 -> 30

PrgState:
21
ExeStack:
lock(q)
(wH(v2,rH(v2)+5)unlock(q))
SymTable:
x -> 1
q -> 2
v1 -> (1,int)
v2 -> (2,int)
Out:
FileTable:
LockTable:
1 -> 18
2 -> 20
Heap:
1 -> 19
2 -> 30

PrgState:
17
ExeStack:
nop;
(nop;(lock(x)(print(rH(v1));(unlock(x)(lock(q)(print(rH(v1));unlock(q)))))))
SymTable:
q -> 2
x -> 1
v1 -> (1,int)
v2 -> (2,int)
Out:
FileTable:
LockTable:
1 -> 18
2 -> 20
Heap:
1 -> 190
2 -> 30

PrgState:
18
ExeStack:
unlock(x)
SymTable:
x -> 1
q -> 0
v1 -> (1,int)
v2 -> (2,int)
Out:
FileTable:
LockTable:
1 -> 18
2 -> 20
Heap:
1 -> 190
2 -> 30

PrgState:
20
ExeStack:
wH(v2,rH(v2)*10)
unlock(q)
SymTable:
x -> 1
q -> 2
v1 -> (1,int)
v2 -> (2,int)
Out:
FileTable:
LockTable:
1 -> 18
2 -> 20
Heap:
1 -> 190
2 -> 30

PrgState:
21
ExeStack:
lock(q)
(wH(v2,rH(v2)+5)unlock(q))
SymTable:
x -> 1
q -> 2
v1 -> (1,int)
v2 -> (2,int)
Out:
FileTable:
LockTable:
1 -> 18
2 -> 20
Heap:
1 -> 190
2 -> 30

PrgState:
17
ExeStack:
nop;
(nop;(lock(x)(print(rH(v1));(unlock(x)(lock(q)(print(rH(v1));unlock(q)))))))
SymTable:
q -> 2
x -> 1
v1 -> (1,int)
v2 -> (2,int)
Out:
FileTable:
LockTable:
1 -> 18
2 -> 20
Heap:
1 -> 190
2 -> 30

PrgState:
18
ExeStack:
unlock(x)
SymTable:
x -> 1
q -> 0
v1 -> (1,int)
v2 -> (2,int)
Out:
FileTable:
LockTable:
1 -> 18
2 -> 20
Heap:
1 -> 190
2 -> 30

PrgState:
20
ExeStack:
wH(v2,rH(v2)*10)
unlock(q)
SymTable:
x -> 1
q -> 2
v1 -> (1,int)
v2 -> (2,int)
Out:
FileTable:
LockTable:
1 -> 18
2 -> 20
Heap:
1 -> 190
2 -> 30

PrgState:
21
ExeStack:
lock(q)
(wH(v2,rH(v2)+5)unlock(q))
SymTable:
x -> 1
q -> 2
v1 -> (1,int)
v2 -> (2,int)
Out:
FileTable:
LockTable:
1 -> 18
2 -> 20
Heap:
1 -> 190
2 -> 30

PrgState:
17
ExeStack:
(nop;(lock(x)(print(rH(v1));(unlock(x)(lock(q)(print(rH(v1));unlock(q)))))))
SymTable:
q -> 2
x -> 1
v1 -> (1,int)
v2 -> (2,int)
Out:
FileTable:
LockTable:
1 -> -1
2 -> 20
Heap:
1 -> 190
2 -> 300

PrgState:
18
ExeStack:
SymTable:
x -> 1
q -> 0
v1 -> (1,int)
v2 -> (2,int)
Out:
FileTable:
LockTable:
1 -> -1
2 -> 20
Heap:
1 -> 190
2 -> 300

PrgState:
20
ExeStack:
unlock(q)
SymTable:
x -> 1
q -> 2
v1 -> (1,int)
v2 -> (2,int)
Out:
FileTable:
LockTable:
1 -> -1
2 -> 20
Heap:
1 -> 190
2 -> 300

PrgState:
21
ExeStack:
lock(q)
(wH(v2,rH(v2)+5)unlock(q))
SymTable:
x -> 1
q -> 2
v1 -> (1,int)
v2 -> (2,int)
Out:
FileTable:
LockTable:
1 -> -1
2 -> 20
Heap:
1 -> 190
2 -> 300

PrgState:
17
ExeStack:
(nop;(lock(x)(print(rH(v1));(unlock(x)(lock(q)(print(rH(v1));unlock(q)))))))
SymTable:
q -> 2
x -> 1
v1 -> (1,int)
v2 -> (2,int)
Out:
FileTable:
LockTable:
1 -> -1
2 -> 20
Heap:
1 -> 190
2 -> 300

PrgState:
20
ExeStack:
unlock(q)
SymTable:
x -> 1
q -> 2
v1 -> (1,int)
v2 -> (2,int)
Out:
FileTable:
LockTable:
1 -> -1
2 -> 20
Heap:
1 -> 190
2 -> 300

PrgState:
21
ExeStack:
lock(q)
(wH(v2,rH(v2)+5)unlock(q))
SymTable:
x -> 1
q -> 2
v1 -> (1,int)
v2 -> (2,int)
Out:
FileTable:
LockTable:
1 -> -1
2 -> 20
Heap:
1 -> 190
2 -> 300

PrgState:
17
ExeStack:
nop;
(lock(x)(print(rH(v1));(unlock(x)(lock(q)(print(rH(v1));unlock(q))))))
SymTable:
q -> 2
x -> 1
v1 -> (1,int)
v2 -> (2,int)
Out:
FileTable:
LockTable:
1 -> -1
2 -> -1
Heap:
1 -> 190
2 -> 300

PrgState:
20
ExeStack:
SymTable:
x -> 1
q -> 2
v1 -> (1,int)
v2 -> (2,int)
Out:
FileTable:
LockTable:
1 -> -1
2 -> -1
Heap:
1 -> 190
2 -> 300

PrgState:
21
ExeStack:
lock(q)
(wH(v2,rH(v2)+5)unlock(q))
SymTable:
x -> 1
q -> 2
v1 -> (1,int)
v2 -> (2,int)
Out:
FileTable:
LockTable:
1 -> -1
2 -> -1
Heap:
1 -> 190
2 -> 300

PrgState:
17
ExeStack:
nop;
(lock(x)(print(rH(v1));(unlock(x)(lock(q)(print(rH(v1));unlock(q))))))
SymTable:
q -> 2
x -> 1
v1 -> (1,int)
v2 -> (2,int)
Out:
FileTable:
LockTable:
1 -> -1
2 -> -1
Heap:
1 -> 190
2 -> 300

PrgState:
21
ExeStack:
lock(q)
(wH(v2,rH(v2)+5)unlock(q))
SymTable:
x -> 1
q -> 2
v1 -> (1,int)
v2 -> (2,int)
Out:
FileTable:
LockTable:
1 -> -1
2 -> -1
Heap:
1 -> 190
2 -> 300

PrgState:
17
ExeStack:
(lock(x)(print(rH(v1));(unlock(x)(lock(q)(print(rH(v1));unlock(q))))))
SymTable:
q -> 2
x -> 1
v1 -> (1,int)
v2 -> (2,int)
Out:
FileTable:
LockTable:
1 -> -1
2 -> 21
Heap:
1 -> 190
2 -> 300

PrgState:
21
ExeStack:
(wH(v2,rH(v2)+5)unlock(q))
SymTable:
x -> 1
q -> 2
v1 -> (1,int)
v2 -> (2,int)
Out:
FileTable:
LockTable:
1 -> -1
2 -> 21
Heap:
1 -> 190
2 -> 300

PrgState:
17
ExeStack:
(lock(x)(print(rH(v1));(unlock(x)(lock(q)(print(rH(v1));unlock(q))))))
SymTable:
q -> 2
x -> 1
v1 -> (1,int)
v2 -> (2,int)
Out:
FileTable:
LockTable:
1 -> -1
2 -> 21
Heap:
1 -> 190
2 -> 300

PrgState:
21
ExeStack:
(wH(v2,rH(v2)+5)unlock(q))
SymTable:
x -> 1
q -> 2
v1 -> (1,int)
v2 -> (2,int)
Out:
FileTable:
LockTable:
1 -> -1
2 -> 21
Heap:
1 -> 190
2 -> 300

PrgState:
17
ExeStack:
lock(x)
(print(rH(v1));(unlock(x)(lock(q)(print(rH(v1));unlock(q)))))
SymTable:
q -> 2
x -> 1
v1 -> (1,int)
v2 -> (2,int)
Out:
FileTable:
LockTable:
1 -> -1
2 -> 21
Heap:
1 -> 190
2 -> 300

PrgState:
21
ExeStack:
wH(v2,rH(v2)+5)
unlock(q)
SymTable:
x -> 1
q -> 2
v1 -> (1,int)
v2 -> (2,int)
Out:
FileTable:
LockTable:
1 -> -1
2 -> 21
Heap:
1 -> 190
2 -> 300

PrgState:
17
ExeStack:
lock(x)
(print(rH(v1));(unlock(x)(lock(q)(print(rH(v1));unlock(q)))))
SymTable:
q -> 2
x -> 1
v1 -> (1,int)
v2 -> (2,int)
Out:
FileTable:
LockTable:
1 -> -1
2 -> 21
Heap:
1 -> 190
2 -> 300

PrgState:
21
ExeStack:
wH(v2,rH(v2)+5)
unlock(q)
SymTable:
x -> 1
q -> 2
v1 -> (1,int)
v2 -> (2,int)
Out:
FileTable:
LockTable:
1 -> -1
2 -> 21
Heap:
1 -> 190
2 -> 300

PrgState:
17
ExeStack:
(print(rH(v1));(unlock(x)(lock(q)(print(rH(v1));unlock(q)))))
SymTable:
q -> 2
x -> 1
v1 -> (1,int)
v2 -> (2,int)
Out:
FileTable:
LockTable:
1 -> 17
2 -> 21
Heap:
1 -> 190
2 -> 305

PrgState:
21
ExeStack:
unlock(q)
SymTable:
x -> 1
q -> 2
v1 -> (1,int)
v2 -> (2,int)
Out:
FileTable:
LockTable:
1 -> 17
2 -> 21
Heap:
1 -> 190
2 -> 305

PrgState:
17
ExeStack:
(print(rH(v1));(unlock(x)(lock(q)(print(rH(v1));unlock(q)))))
SymTable:
q -> 2
x -> 1
v1 -> (1,int)
v2 -> (2,int)
Out:
FileTable:
LockTable:
1 -> 17
2 -> 21
Heap:
1 -> 190
2 -> 305

PrgState:
21
ExeStack:
unlock(q)
SymTable:
x -> 1
q -> 2
v1 -> (1,int)
v2 -> (2,int)
Out:
FileTable:
LockTable:
1 -> 17
2 -> 21
Heap:
1 -> 190
2 -> 305

PrgState:
17
ExeStack:
print(rH(v1));
(unlock(x)(lock(q)(print(rH(v1));unlock(q))))
SymTable:
q -> 2
x -> 1
v1 -> (1,int)
v2 -> (2,int)
Out:
FileTable:
LockTable:
1 -> 17
2 -> -1
Heap:
1 -> 190
2 -> 305

PrgState:
21
ExeStack:
SymTable:
x -> 1
q -> 2
v1 -> (1,int)
v2 -> (2,int)
Out:
FileTable:
LockTable:
1 -> 17
2 -> -1
Heap:
1 -> 190
2 -> 305

PrgState:
17
ExeStack:
print(rH(v1));
(unlock(x)(lock(q)(print(rH(v1));unlock(q))))
SymTable:
q -> 2
x -> 1
v1 -> (1,int)
v2 -> (2,int)
Out:
FileTable:
LockTable:
1 -> 17
2 -> -1
Heap:
1 -> 190
2 -> 305

PrgState:
17
ExeStack:
(unlock(x)(lock(q)(print(rH(v1));unlock(q))))
SymTable:
q -> 2
x -> 1
v1 -> (1,int)
v2 -> (2,int)
Out:
190
FileTable:
LockTable:
1 -> 17
2 -> -1
Heap:
1 -> 190
2 -> 305

PrgState:
17
ExeStack:
(unlock(x)(lock(q)(print(rH(v1));unlock(q))))
SymTable:
q -> 2
x -> 1
v1 -> (1,int)
v2 -> (2,int)
Out:
190
FileTable:
LockTable:
1 -> 17
2 -> -1
Heap:
1 -> 190
2 -> 305

PrgState:
17
ExeStack:
unlock(x)
(lock(q)(print(rH(v1));unlock(q)))
SymTable:
q -> 2
x -> 1
v1 -> (1,int)
v2 -> (2,int)
Out:
190
FileTable:
LockTable:
1 -> 17
2 -> -1
Heap:
1 -> 190
2 -> 305

PrgState:
17
ExeStack:
unlock(x)
(lock(q)(print(rH(v1));unlock(q)))
SymTable:
q -> 2
x -> 1
v1 -> (1,int)
v2 -> (2,int)
Out:
190
FileTable:
LockTable:
1 -> 17
2 -> -1
Heap:
1 -> 190
2 -> 305

PrgState:
17
ExeStack:
(lock(q)(print(rH(v1));unlock(q)))
SymTable:
q -> 2
x -> 1
v1 -> (1,int)
v2 -> (2,int)
Out:
190
FileTable:
LockTable:
1 -> -1
2 -> -1
Heap:
1 -> 190
2 -> 305

PrgState:
17
ExeStack:
(lock(q)(print(rH(v1));unlock(q)))
SymTable:
q -> 2
x -> 1
v1 -> (1,int)
v2 -> (2,int)
Out:
190
FileTable:
LockTable:
1 -> -1
2 -> -1
Heap:
1 -> 190
2 -> 305

PrgState:
17
ExeStack:
lock(q)
(print(rH(v1));unlock(q))
SymTable:
q -> 2
x -> 1
v1 -> (1,int)
v2 -> (2,int)
Out:
190
FileTable:
LockTable:
1 -> -1
2 -> -1
Heap:
1 -> 190
2 -> 305

PrgState:
17
ExeStack:
lock(q)
(print(rH(v1));unlock(q))
SymTable:
q -> 2
x -> 1
v1 -> (1,int)
v2 -> (2,int)
Out:
190
FileTable:
LockTable:
1 -> -1
2 -> -1
Heap:
1 -> 190
2 -> 305

PrgState:
17
ExeStack:
(print(rH(v1));unlock(q))
SymTable:
q -> 2
x -> 1
v1 -> (1,int)
v2 -> (2,int)
Out:
190
FileTable:
LockTable:
1 -> -1
2 -> 17
Heap:
1 -> 190
2 -> 305

PrgState:
17
ExeStack:
(print(rH(v1));unlock(q))
SymTable:
q -> 2
x -> 1
v1 -> (1,int)
v2 -> (2,int)
Out:
190
FileTable:
LockTable:
1 -> -1
2 -> 17
Heap:
1 -> 190
2 -> 305

PrgState:
17
ExeStack:
print(rH(v1));
unlock(q)
SymTable:
q -> 2
x -> 1
v1 -> (1,int)
v2 -> (2,int)
Out:
190
FileTable:
LockTable:
1 -> -1
2 -> 17
Heap:
1 -> 190
2 -> 305

PrgState:
17
ExeStack:
print(rH(v1));
unlock(q)
SymTable:
q -> 2
x -> 1
v1 -> (1,int)
v2 -> (2,int)
Out:
190
FileTable:
LockTable:
1 -> -1
2 -> 17
Heap:
1 -> 190
2 -> 305

PrgState:
17
ExeStack:
unlock(q)
SymTable:
q -> 2
x -> 1
v1 -> (1,int)
v2 -> (2,int)
Out:
190
190
FileTable:
LockTable:
1 -> -1
2 -> 17
Heap:
1 -> 190
2 -> 305

PrgState:
17
ExeStack:
unlock(q)
SymTable:
q -> 2
x -> 1
v1 -> (1,int)
v2 -> (2,int)
Out:
190
190
FileTable:
LockTable:
1 -> -1
2 -> 17
Heap:
1 -> 190
2 -> 305

PrgState:
17
ExeStack:
SymTable:
q -> 2
x -> 1
v1 -> (1,int)
v2 -> (2,int)
Out:
190
190
FileTable:
LockTable:
1 -> -1
2 -> -1
Heap:
1 -> 190
2 -> 305

