PrgState:
14
ExeStack:
(Ref int a;(int b;(fork((b=5;(new(a,b)print(rH(a));)))(print(10);(b=15;(new(a,b)print(rH(a));))))))
SymTable:
Out:
FileTable:
Heap:

PrgState:
14
ExeStack:
Ref int a;
(int b;(fork((b=5;(new(a,b)print(rH(a));)))(print(10);(b=15;(new(a,b)print(rH(a));)))))
SymTable:
Out:
FileTable:
Heap:

PrgState:
14
ExeStack:
Ref int a;
(int b;(fork((b=5;(new(a,b)print(rH(a));)))(print(10);(b=15;(new(a,b)print(rH(a));)))))
SymTable:
Out:
FileTable:
Heap:

PrgState:
14
ExeStack:
(int b;(fork((b=5;(new(a,b)print(rH(a));)))(print(10);(b=15;(new(a,b)print(rH(a));)))))
SymTable:
a -> (0,int)
Out:
FileTable:
Heap:

PrgState:
14
ExeStack:
(int b;(fork((b=5;(new(a,b)print(rH(a));)))(print(10);(b=15;(new(a,b)print(rH(a));)))))
SymTable:
a -> (0,int)
Out:
FileTable:
Heap:

PrgState:
14
ExeStack:
int b;
(fork((b=5;(new(a,b)print(rH(a));)))(print(10);(b=15;(new(a,b)print(rH(a));))))
SymTable:
a -> (0,int)
Out:
FileTable:
Heap:

PrgState:
14
ExeStack:
int b;
(fork((b=5;(new(a,b)print(rH(a));)))(print(10);(b=15;(new(a,b)print(rH(a));))))
SymTable:
a -> (0,int)
Out:
FileTable:
Heap:

PrgState:
14
ExeStack:
(fork((b=5;(new(a,b)print(rH(a));)))(print(10);(b=15;(new(a,b)print(rH(a));))))
SymTable:
a -> (0,int)
b -> 0
Out:
FileTable:
Heap:

PrgState:
14
ExeStack:
(fork((b=5;(new(a,b)print(rH(a));)))(print(10);(b=15;(new(a,b)print(rH(a));))))
SymTable:
a -> (0,int)
b -> 0
Out:
FileTable:
Heap:

PrgState:
14
ExeStack:
fork((b=5;(new(a,b)print(rH(a));)))
(print(10);(b=15;(new(a,b)print(rH(a));)))
SymTable:
a -> (0,int)
b -> 0
Out:
FileTable:
Heap:

PrgState:
14
ExeStack:
fork((b=5;(new(a,b)print(rH(a));)))
(print(10);(b=15;(new(a,b)print(rH(a));)))
SymTable:
a -> (0,int)
b -> 0
Out:
FileTable:
Heap:

PrgState:
14
ExeStack:
(print(10);(b=15;(new(a,b)print(rH(a));)))
SymTable:
a -> (0,int)
b -> 0
Out:
FileTable:
Heap:

PrgState:
15
ExeStack:
(b=5;(new(a,b)print(rH(a));))
SymTable:
a -> (0,int)
b -> 0
Out:
FileTable:
Heap:

PrgState:
14
ExeStack:
(print(10);(b=15;(new(a,b)print(rH(a));)))
SymTable:
a -> (0,int)
b -> 0
Out:
FileTable:
Heap:

PrgState:
15
ExeStack:
(b=5;(new(a,b)print(rH(a));))
SymTable:
a -> (0,int)
b -> 0
Out:
FileTable:
Heap:

PrgState:
14
ExeStack:
print(10);
(b=15;(new(a,b)print(rH(a));))
SymTable:
a -> (0,int)
b -> 0
Out:
FileTable:
Heap:

PrgState:
15
ExeStack:
b=5;
(new(a,b)print(rH(a));)
SymTable:
a -> (0,int)
b -> 0
Out:
FileTable:
Heap:

PrgState:
14
ExeStack:
print(10);
(b=15;(new(a,b)print(rH(a));))
SymTable:
a -> (0,int)
b -> 0
Out:
FileTable:
Heap:

PrgState:
15
ExeStack:
b=5;
(new(a,b)print(rH(a));)
SymTable:
a -> (0,int)
b -> 0
Out:
FileTable:
Heap:

PrgState:
14
ExeStack:
(b=15;(new(a,b)print(rH(a));))
SymTable:
a -> (0,int)
b -> 0
Out:
10
FileTable:
Heap:

PrgState:
15
ExeStack:
(new(a,b)print(rH(a));)
SymTable:
a -> (0,int)
b -> 5
Out:
10
FileTable:
Heap:

PrgState:
14
ExeStack:
(b=15;(new(a,b)print(rH(a));))
SymTable:
a -> (0,int)
b -> 0
Out:
10
FileTable:
Heap:

PrgState:
15
ExeStack:
(new(a,b)print(rH(a));)
SymTable:
a -> (0,int)
b -> 5
Out:
10
FileTable:
Heap:

PrgState:
14
ExeStack:
b=15;
(new(a,b)print(rH(a));)
SymTable:
a -> (0,int)
b -> 0
Out:
10
FileTable:
Heap:

PrgState:
15
ExeStack:
new(a,b)
print(rH(a));
SymTable:
a -> (0,int)
b -> 5
Out:
10
FileTable:
Heap:

PrgState:
14
ExeStack:
b=15;
(new(a,b)print(rH(a));)
SymTable:
a -> (0,int)
b -> 0
Out:
10
FileTable:
Heap:

PrgState:
15
ExeStack:
new(a,b)
print(rH(a));
SymTable:
a -> (0,int)
b -> 5
Out:
10
FileTable:
Heap:

PrgState:
14
ExeStack:
(new(a,b)print(rH(a));)
SymTable:
a -> (0,int)
b -> 15
Out:
10
FileTable:
Heap:
1 -> 5

PrgState:
15
ExeStack:
print(rH(a));
SymTable:
a -> (1,int)
b -> 5
Out:
10
FileTable:
Heap:
1 -> 5

PrgState:
14
ExeStack:
(new(a,b)print(rH(a));)
SymTable:
a -> (0,int)
b -> 15
Out:
10
FileTable:
Heap:
1 -> 5

PrgState:
15
ExeStack:
print(rH(a));
SymTable:
a -> (1,int)
b -> 5
Out:
10
FileTable:
Heap:
1 -> 5

PrgState:
14
ExeStack:
new(a,b)
print(rH(a));
SymTable:
a -> (0,int)
b -> 15
Out:
10
5
FileTable:
Heap:
1 -> 5

PrgState:
15
ExeStack:
SymTable:
a -> (1,int)
b -> 5
Out:
10
5
FileTable:
Heap:
1 -> 5

PrgState:
14
ExeStack:
new(a,b)
print(rH(a));
SymTable:
a -> (0,int)
b -> 15
Out:
10
5
FileTable:
Heap:
1 -> 5

PrgState:
14
ExeStack:
print(rH(a));
SymTable:
a -> (2,int)
b -> 15
Out:
10
5
FileTable:
Heap:
1 -> 5
2 -> 15

PrgState:
14
ExeStack:
print(rH(a));
SymTable:
a -> (2,int)
b -> 15
Out:
10
5
FileTable:
Heap:
2 -> 15

PrgState:
14
ExeStack:
SymTable:
a -> (2,int)
b -> 15
Out:
10
5
15
FileTable:
Heap:
2 -> 15

