PrgState:
18
ExeStack:
(Ref int a;(Ref int b;(int v;(new(a,0)(new(b,0)(wH(a,1)(wH(b,2)(v=rH(a)<rH(b)?100:200;(print(v);(v=rH(b)-2>rH(a)?100:200;print(v);))))))))))
SymTable:
Out:
FileTable:
Latch:
Heap:

PrgState:
18
ExeStack:
Ref int a;
(Ref int b;(int v;(new(a,0)(new(b,0)(wH(a,1)(wH(b,2)(v=rH(a)<rH(b)?100:200;(print(v);(v=rH(b)-2>rH(a)?100:200;print(v);)))))))))
SymTable:
Out:
FileTable:
Latch:
Heap:

PrgState:
18
ExeStack:
Ref int a;
(Ref int b;(int v;(new(a,0)(new(b,0)(wH(a,1)(wH(b,2)(v=rH(a)<rH(b)?100:200;(print(v);(v=rH(b)-2>rH(a)?100:200;print(v);)))))))))
SymTable:
Out:
FileTable:
Latch:
Heap:

PrgState:
18
ExeStack:
(Ref int b;(int v;(new(a,0)(new(b,0)(wH(a,1)(wH(b,2)(v=rH(a)<rH(b)?100:200;(print(v);(v=rH(b)-2>rH(a)?100:200;print(v);)))))))))
SymTable:
a -> (0,int)
Out:
FileTable:
Latch:
Heap:

PrgState:
18
ExeStack:
(Ref int b;(int v;(new(a,0)(new(b,0)(wH(a,1)(wH(b,2)(v=rH(a)<rH(b)?100:200;(print(v);(v=rH(b)-2>rH(a)?100:200;print(v);)))))))))
SymTable:
a -> (0,int)
Out:
FileTable:
Latch:
Heap:

PrgState:
18
ExeStack:
Ref int b;
(int v;(new(a,0)(new(b,0)(wH(a,1)(wH(b,2)(v=rH(a)<rH(b)?100:200;(print(v);(v=rH(b)-2>rH(a)?100:200;print(v);))))))))
SymTable:
a -> (0,int)
Out:
FileTable:
Latch:
Heap:

PrgState:
18
ExeStack:
Ref int b;
(int v;(new(a,0)(new(b,0)(wH(a,1)(wH(b,2)(v=rH(a)<rH(b)?100:200;(print(v);(v=rH(b)-2>rH(a)?100:200;print(v);))))))))
SymTable:
a -> (0,int)
Out:
FileTable:
Latch:
Heap:

PrgState:
18
ExeStack:
(int v;(new(a,0)(new(b,0)(wH(a,1)(wH(b,2)(v=rH(a)<rH(b)?100:200;(print(v);(v=rH(b)-2>rH(a)?100:200;print(v);))))))))
SymTable:
a -> (0,int)
b -> (0,int)
Out:
FileTable:
Latch:
Heap:

PrgState:
18
ExeStack:
(int v;(new(a,0)(new(b,0)(wH(a,1)(wH(b,2)(v=rH(a)<rH(b)?100:200;(print(v);(v=rH(b)-2>rH(a)?100:200;print(v);))))))))
SymTable:
a -> (0,int)
b -> (0,int)
Out:
FileTable:
Latch:
Heap:

PrgState:
18
ExeStack:
int v;
(new(a,0)(new(b,0)(wH(a,1)(wH(b,2)(v=rH(a)<rH(b)?100:200;(print(v);(v=rH(b)-2>rH(a)?100:200;print(v);)))))))
SymTable:
a -> (0,int)
b -> (0,int)
Out:
FileTable:
Latch:
Heap:

PrgState:
18
ExeStack:
int v;
(new(a,0)(new(b,0)(wH(a,1)(wH(b,2)(v=rH(a)<rH(b)?100:200;(print(v);(v=rH(b)-2>rH(a)?100:200;print(v);)))))))
SymTable:
a -> (0,int)
b -> (0,int)
Out:
FileTable:
Latch:
Heap:

PrgState:
18
ExeStack:
(new(a,0)(new(b,0)(wH(a,1)(wH(b,2)(v=rH(a)<rH(b)?100:200;(print(v);(v=rH(b)-2>rH(a)?100:200;print(v);)))))))
SymTable:
a -> (0,int)
b -> (0,int)
v -> 0
Out:
FileTable:
Latch:
Heap:

PrgState:
18
ExeStack:
(new(a,0)(new(b,0)(wH(a,1)(wH(b,2)(v=rH(a)<rH(b)?100:200;(print(v);(v=rH(b)-2>rH(a)?100:200;print(v);)))))))
SymTable:
a -> (0,int)
b -> (0,int)
v -> 0
Out:
FileTable:
Latch:
Heap:

PrgState:
18
ExeStack:
new(a,0)
(new(b,0)(wH(a,1)(wH(b,2)(v=rH(a)<rH(b)?100:200;(print(v);(v=rH(b)-2>rH(a)?100:200;print(v);))))))
SymTable:
a -> (0,int)
b -> (0,int)
v -> 0
Out:
FileTable:
Latch:
Heap:

PrgState:
18
ExeStack:
new(a,0)
(new(b,0)(wH(a,1)(wH(b,2)(v=rH(a)<rH(b)?100:200;(print(v);(v=rH(b)-2>rH(a)?100:200;print(v);))))))
SymTable:
a -> (0,int)
b -> (0,int)
v -> 0
Out:
FileTable:
Latch:
Heap:

PrgState:
18
ExeStack:
(new(b,0)(wH(a,1)(wH(b,2)(v=rH(a)<rH(b)?100:200;(print(v);(v=rH(b)-2>rH(a)?100:200;print(v);))))))
SymTable:
a -> (1,int)
b -> (0,int)
v -> 0
Out:
FileTable:
Latch:
Heap:
1 -> 0

PrgState:
18
ExeStack:
(new(b,0)(wH(a,1)(wH(b,2)(v=rH(a)<rH(b)?100:200;(print(v);(v=rH(b)-2>rH(a)?100:200;print(v);))))))
SymTable:
a -> (1,int)
b -> (0,int)
v -> 0
Out:
FileTable:
Latch:
Heap:
1 -> 0

PrgState:
18
ExeStack:
new(b,0)
(wH(a,1)(wH(b,2)(v=rH(a)<rH(b)?100:200;(print(v);(v=rH(b)-2>rH(a)?100:200;print(v);)))))
SymTable:
a -> (1,int)
b -> (0,int)
v -> 0
Out:
FileTable:
Latch:
Heap:
1 -> 0

PrgState:
18
ExeStack:
new(b,0)
(wH(a,1)(wH(b,2)(v=rH(a)<rH(b)?100:200;(print(v);(v=rH(b)-2>rH(a)?100:200;print(v);)))))
SymTable:
a -> (1,int)
b -> (0,int)
v -> 0
Out:
FileTable:
Latch:
Heap:
1 -> 0

PrgState:
18
ExeStack:
(wH(a,1)(wH(b,2)(v=rH(a)<rH(b)?100:200;(print(v);(v=rH(b)-2>rH(a)?100:200;print(v);)))))
SymTable:
a -> (1,int)
b -> (2,int)
v -> 0
Out:
FileTable:
Latch:
Heap:
1 -> 0
2 -> 0

PrgState:
18
ExeStack:
(wH(a,1)(wH(b,2)(v=rH(a)<rH(b)?100:200;(print(v);(v=rH(b)-2>rH(a)?100:200;print(v);)))))
SymTable:
a -> (1,int)
b -> (2,int)
v -> 0
Out:
FileTable:
Latch:
Heap:
1 -> 0
2 -> 0

PrgState:
18
ExeStack:
wH(a,1)
(wH(b,2)(v=rH(a)<rH(b)?100:200;(print(v);(v=rH(b)-2>rH(a)?100:200;print(v);))))
SymTable:
a -> (1,int)
b -> (2,int)
v -> 0
Out:
FileTable:
Latch:
Heap:
1 -> 0
2 -> 0

PrgState:
18
ExeStack:
wH(a,1)
(wH(b,2)(v=rH(a)<rH(b)?100:200;(print(v);(v=rH(b)-2>rH(a)?100:200;print(v);))))
SymTable:
a -> (1,int)
b -> (2,int)
v -> 0
Out:
FileTable:
Latch:
Heap:
1 -> 0
2 -> 0

PrgState:
18
ExeStack:
(wH(b,2)(v=rH(a)<rH(b)?100:200;(print(v);(v=rH(b)-2>rH(a)?100:200;print(v);))))
SymTable:
a -> (1,int)
b -> (2,int)
v -> 0
Out:
FileTable:
Latch:
Heap:
1 -> 1
2 -> 0

PrgState:
18
ExeStack:
(wH(b,2)(v=rH(a)<rH(b)?100:200;(print(v);(v=rH(b)-2>rH(a)?100:200;print(v);))))
SymTable:
a -> (1,int)
b -> (2,int)
v -> 0
Out:
FileTable:
Latch:
Heap:
1 -> 1
2 -> 0

PrgState:
18
ExeStack:
wH(b,2)
(v=rH(a)<rH(b)?100:200;(print(v);(v=rH(b)-2>rH(a)?100:200;print(v);)))
SymTable:
a -> (1,int)
b -> (2,int)
v -> 0
Out:
FileTable:
Latch:
Heap:
1 -> 1
2 -> 0

PrgState:
18
ExeStack:
wH(b,2)
(v=rH(a)<rH(b)?100:200;(print(v);(v=rH(b)-2>rH(a)?100:200;print(v);)))
SymTable:
a -> (1,int)
b -> (2,int)
v -> 0
Out:
FileTable:
Latch:
Heap:
1 -> 1
2 -> 0

PrgState:
18
ExeStack:
(v=rH(a)<rH(b)?100:200;(print(v);(v=rH(b)-2>rH(a)?100:200;print(v);)))
SymTable:
a -> (1,int)
b -> (2,int)
v -> 0
Out:
FileTable:
Latch:
Heap:
1 -> 1
2 -> 2

PrgState:
18
ExeStack:
(v=rH(a)<rH(b)?100:200;(print(v);(v=rH(b)-2>rH(a)?100:200;print(v);)))
SymTable:
a -> (1,int)
b -> (2,int)
v -> 0
Out:
FileTable:
Latch:
Heap:
1 -> 1
2 -> 2

PrgState:
18
ExeStack:
v=rH(a)<rH(b)?100:200;
(print(v);(v=rH(b)-2>rH(a)?100:200;print(v);))
SymTable:
a -> (1,int)
b -> (2,int)
v -> 0
Out:
FileTable:
Latch:
Heap:
1 -> 1
2 -> 2

PrgState:
18
ExeStack:
v=rH(a)<rH(b)?100:200;
(print(v);(v=rH(b)-2>rH(a)?100:200;print(v);))
SymTable:
a -> (1,int)
b -> (2,int)
v -> 0
Out:
FileTable:
Latch:
Heap:
1 -> 1
2 -> 2

PrgState:
18
ExeStack:
if(rH(a)<rH(b))then{v=100;}else{v=200;};
(print(v);(v=rH(b)-2>rH(a)?100:200;print(v);))
SymTable:
a -> (1,int)
b -> (2,int)
v -> 0
Out:
FileTable:
Latch:
Heap:
1 -> 1
2 -> 2

PrgState:
18
ExeStack:
if(rH(a)<rH(b))then{v=100;}else{v=200;};
(print(v);(v=rH(b)-2>rH(a)?100:200;print(v);))
SymTable:
a -> (1,int)
b -> (2,int)
v -> 0
Out:
FileTable:
Latch:
Heap:
1 -> 1
2 -> 2

PrgState:
18
ExeStack:
v=100;
(print(v);(v=rH(b)-2>rH(a)?100:200;print(v);))
SymTable:
a -> (1,int)
b -> (2,int)
v -> 0
Out:
FileTable:
Latch:
Heap:
1 -> 1
2 -> 2

PrgState:
18
ExeStack:
v=100;
(print(v);(v=rH(b)-2>rH(a)?100:200;print(v);))
SymTable:
a -> (1,int)
b -> (2,int)
v -> 0
Out:
FileTable:
Latch:
Heap:
1 -> 1
2 -> 2

PrgState:
18
ExeStack:
(print(v);(v=rH(b)-2>rH(a)?100:200;print(v);))
SymTable:
a -> (1,int)
b -> (2,int)
v -> 100
Out:
FileTable:
Latch:
Heap:
1 -> 1
2 -> 2

PrgState:
18
ExeStack:
(print(v);(v=rH(b)-2>rH(a)?100:200;print(v);))
SymTable:
a -> (1,int)
b -> (2,int)
v -> 100
Out:
FileTable:
Latch:
Heap:
1 -> 1
2 -> 2

PrgState:
18
ExeStack:
print(v);
(v=rH(b)-2>rH(a)?100:200;print(v);)
SymTable:
a -> (1,int)
b -> (2,int)
v -> 100
Out:
FileTable:
Latch:
Heap:
1 -> 1
2 -> 2

PrgState:
18
ExeStack:
print(v);
(v=rH(b)-2>rH(a)?100:200;print(v);)
SymTable:
a -> (1,int)
b -> (2,int)
v -> 100
Out:
FileTable:
Latch:
Heap:
1 -> 1
2 -> 2

PrgState:
18
ExeStack:
(v=rH(b)-2>rH(a)?100:200;print(v);)
SymTable:
a -> (1,int)
b -> (2,int)
v -> 100
Out:
100
FileTable:
Latch:
Heap:
1 -> 1
2 -> 2

PrgState:
18
ExeStack:
(v=rH(b)-2>rH(a)?100:200;print(v);)
SymTable:
a -> (1,int)
b -> (2,int)
v -> 100
Out:
100
FileTable:
Latch:
Heap:
1 -> 1
2 -> 2

PrgState:
18
ExeStack:
v=rH(b)-2>rH(a)?100:200;
print(v);
SymTable:
a -> (1,int)
b -> (2,int)
v -> 100
Out:
100
FileTable:
Latch:
Heap:
1 -> 1
2 -> 2

PrgState:
18
ExeStack:
v=rH(b)-2>rH(a)?100:200;
print(v);
SymTable:
a -> (1,int)
b -> (2,int)
v -> 100
Out:
100
FileTable:
Latch:
Heap:
1 -> 1
2 -> 2

PrgState:
18
ExeStack:
if(rH(b)-2>rH(a))then{v=100;}else{v=200;};
print(v);
SymTable:
a -> (1,int)
b -> (2,int)
v -> 100
Out:
100
FileTable:
Latch:
Heap:
1 -> 1
2 -> 2

PrgState:
18
ExeStack:
if(rH(b)-2>rH(a))then{v=100;}else{v=200;};
print(v);
SymTable:
a -> (1,int)
b -> (2,int)
v -> 100
Out:
100
FileTable:
Latch:
Heap:
1 -> 1
2 -> 2

PrgState:
18
ExeStack:
v=200;
print(v);
SymTable:
a -> (1,int)
b -> (2,int)
v -> 100
Out:
100
FileTable:
Latch:
Heap:
1 -> 1
2 -> 2

PrgState:
18
ExeStack:
v=200;
print(v);
SymTable:
a -> (1,int)
b -> (2,int)
v -> 100
Out:
100
FileTable:
Latch:
Heap:
1 -> 1
2 -> 2

PrgState:
18
ExeStack:
print(v);
SymTable:
a -> (1,int)
b -> (2,int)
v -> 200
Out:
100
FileTable:
Latch:
Heap:
1 -> 1
2 -> 2

PrgState:
18
ExeStack:
print(v);
SymTable:
a -> (1,int)
b -> (2,int)
v -> 200
Out:
100
FileTable:
Latch:
Heap:
1 -> 1
2 -> 2

PrgState:
18
ExeStack:
SymTable:
a -> (1,int)
b -> (2,int)
v -> 200
Out:
100
200
FileTable:
Latch:
Heap:
1 -> 1
2 -> 2

